<?xml version="1.0" encoding="UTF-8"?>
<!-- Generated by org.testng.reporters.JUnitReportReporter -->
<testsuite hostname="nova" failures="0" tests="1" name="testpkg.Curatest" time="9.610" errors="0" timestamp="2024-12-21T19:17:57 IST" skipped="0">
  <testcase classname="testpkg.Curatest" name="test" time="9.610"/>
</testsuite> <!-- testpkg.Curatest -->
